out 12, 2023 9:10:39 DA TARDE ds.assign.ring.ServerPeer run
INFO: server: endpoint running at port 3000 ...
out 12, 2023 9:10:42 DA TARDE ds.assign.ring.ServerPeer run
INFO: server: endpoint running at port 3000 ...
out 12, 2023 9:13:26 DA TARDE ds.assign.ring.ServerPeer run
INFO: server: endpoint running at port 3000 ...
out 12, 2023 9:13:26 DA TARDE ds.assign.ring.Client run
INFO: client: endpoint running ...

out 12, 2023 9:17:15 DA TARDE ds.assign.ring.ServerPeer run
INFO: server: endpoint running at port 3000 ...
out 12, 2023 9:17:15 DA TARDE ds.assign.ring.Client run
INFO: client: endpoint running ...

out 13, 2023 8:06:12 DA MANHÃ ds.assign.ring.ServerPeer run
INFO: server: endpoint running at port 3000 ...
out 13, 2023 8:06:12 DA MANHÃ ds.assign.ring.Client run
INFO: client: endpoint running ...

out 16, 2023 2:50:55 DA TARDE ds.assign.ring.ServerPeer run
INFO: server: endpoint running at port 3000 ...
out 16, 2023 2:50:55 DA TARDE ds.assign.ring.Client run
INFO: client: endpoint running ...

